2018-10-24 16:25:45,824  INFO [org.apache.hadoop.conf.Configuration.deprecation] - session.id is deprecated. Instead, use dfs.metrics.session-id
2018-10-24 16:25:45,825  INFO [org.apache.hadoop.metrics.jvm.JvmMetrics] - Initializing JVM Metrics with processName=JobTracker, sessionId=
2018-10-24 16:25:46,452  WARN [org.apache.hadoop.mapreduce.JobResourceUploader] - Hadoop command-line option parsing not performed. Implement the Tool interface and execute your application with ToolRunner to remedy this.
2018-10-24 16:25:46,981  INFO [org.apache.hadoop.mapreduce.JobSubmitter] - Cleaning up the staging area file:/home/hadoop/hdfs/tmp/mapred/staging/newforesee393934067/.staging/job_local393934067_0001
2018-10-24 16:27:58,127  INFO [org.apache.hadoop.conf.Configuration.deprecation] - session.id is deprecated. Instead, use dfs.metrics.session-id
2018-10-24 16:27:58,128  INFO [org.apache.hadoop.metrics.jvm.JvmMetrics] - Initializing JVM Metrics with processName=JobTracker, sessionId=
2018-10-24 16:27:58,706  WARN [org.apache.hadoop.mapreduce.JobResourceUploader] - Hadoop command-line option parsing not performed. Implement the Tool interface and execute your application with ToolRunner to remedy this.
2018-10-24 16:27:59,235  INFO [org.apache.hadoop.mapreduce.JobSubmitter] - Cleaning up the staging area file:/home/hadoop/hdfs/tmp/mapred/staging/newforesee224645011/.staging/job_local224645011_0001
2018-11-12 10:28:51,131  INFO [org.apache.hadoop.conf.Configuration.deprecation] - session.id is deprecated. Instead, use dfs.metrics.session-id
2018-11-12 10:28:51,133  INFO [org.apache.hadoop.metrics.jvm.JvmMetrics] - Initializing JVM Metrics with processName=JobTracker, sessionId=
2018-11-12 10:29:55,758  INFO [org.apache.hadoop.conf.Configuration.deprecation] - session.id is deprecated. Instead, use dfs.metrics.session-id
2018-11-12 10:29:55,759  INFO [org.apache.hadoop.metrics.jvm.JvmMetrics] - Initializing JVM Metrics with processName=JobTracker, sessionId=
2018-11-12 10:29:56,352  WARN [org.apache.hadoop.mapreduce.JobResourceUploader] - Hadoop command-line option parsing not performed. Implement the Tool interface and execute your application with ToolRunner to remedy this.
2018-11-12 10:29:56,872  INFO [org.apache.hadoop.mapreduce.JobSubmitter] - Cleaning up the staging area file:/home/hadoop/hdfs/tmp/mapred/staging/newforesee1490303635/.staging/job_local1490303635_0001
2018-11-12 10:35:52,344  INFO [org.apache.hadoop.conf.Configuration.deprecation] - session.id is deprecated. Instead, use dfs.metrics.session-id
2018-11-12 10:35:52,346  INFO [org.apache.hadoop.metrics.jvm.JvmMetrics] - Initializing JVM Metrics with processName=JobTracker, sessionId=
2018-11-12 10:35:53,002  WARN [org.apache.hadoop.mapreduce.JobResourceUploader] - Hadoop command-line option parsing not performed. Implement the Tool interface and execute your application with ToolRunner to remedy this.
2018-11-12 10:35:53,516  INFO [org.apache.hadoop.mapreduce.JobSubmitter] - Cleaning up the staging area file:/home/hadoop/hdfs/tmp/mapred/staging/newforesee894967365/.staging/job_local894967365_0001
2018-11-12 10:36:22,903  INFO [org.apache.hadoop.conf.Configuration.deprecation] - session.id is deprecated. Instead, use dfs.metrics.session-id
2018-11-12 10:36:22,904  INFO [org.apache.hadoop.metrics.jvm.JvmMetrics] - Initializing JVM Metrics with processName=JobTracker, sessionId=
2018-11-12 10:36:23,487  WARN [org.apache.hadoop.mapreduce.JobResourceUploader] - Hadoop command-line option parsing not performed. Implement the Tool interface and execute your application with ToolRunner to remedy this.
2018-11-12 10:36:24,001  INFO [org.apache.hadoop.mapreduce.JobSubmitter] - Cleaning up the staging area file:/home/hadoop/hdfs/tmp/mapred/staging/newforesee783179062/.staging/job_local783179062_0001
2018-11-12 10:42:56,086  INFO [org.apache.hadoop.conf.Configuration.deprecation] - session.id is deprecated. Instead, use dfs.metrics.session-id
2018-11-12 10:42:56,088  INFO [org.apache.hadoop.metrics.jvm.JvmMetrics] - Initializing JVM Metrics with processName=JobTracker, sessionId=
2018-11-12 10:42:56,700  WARN [org.apache.hadoop.mapreduce.JobResourceUploader] - Hadoop command-line option parsing not performed. Implement the Tool interface and execute your application with ToolRunner to remedy this.
2018-11-12 10:42:57,220  INFO [org.apache.hadoop.mapreduce.JobSubmitter] - Cleaning up the staging area file:/home/hadoop/hdfs/tmp/mapred/staging/newforesee1168354919/.staging/job_local1168354919_0001
2018-11-12 10:47:05,167  INFO [org.apache.hadoop.conf.Configuration.deprecation] - session.id is deprecated. Instead, use dfs.metrics.session-id
2018-11-12 10:47:05,168  INFO [org.apache.hadoop.metrics.jvm.JvmMetrics] - Initializing JVM Metrics with processName=JobTracker, sessionId=
2018-11-12 10:47:05,470  WARN [org.apache.hadoop.mapreduce.JobResourceUploader] - Hadoop command-line option parsing not performed. Implement the Tool interface and execute your application with ToolRunner to remedy this.
2018-11-12 10:47:05,478  WARN [org.apache.hadoop.mapreduce.JobResourceUploader] - No job jar file set.  User classes may not be found. See Job or Job#setJar(String).
2018-11-12 10:47:05,612  INFO [org.apache.hadoop.mapreduce.lib.input.FileInputFormat] - Total input paths to process : 1
2018-11-12 10:47:05,697  INFO [org.apache.hadoop.mapreduce.JobSubmitter] - number of splits:1
2018-11-12 10:47:05,833  INFO [org.apache.hadoop.mapreduce.JobSubmitter] - Submitting tokens for job: job_local435844372_0001
2018-11-12 10:47:05,963  INFO [org.apache.hadoop.mapreduce.Job] - The url to track the job: http://localhost:8080/
2018-11-12 10:47:05,963  INFO [org.apache.hadoop.mapreduce.Job] - Running job: job_local435844372_0001
2018-11-12 10:47:05,964  INFO [org.apache.hadoop.mapred.LocalJobRunner] - OutputCommitter set in config null
2018-11-12 10:47:05,970  INFO [org.apache.hadoop.mapreduce.lib.output.FileOutputCommitter] - File Output Committer Algorithm version is 1
2018-11-12 10:47:05,972  INFO [org.apache.hadoop.mapred.LocalJobRunner] - OutputCommitter is org.apache.hadoop.mapreduce.lib.output.FileOutputCommitter
2018-11-12 10:47:06,018  INFO [org.apache.hadoop.mapred.LocalJobRunner] - Waiting for map tasks
2018-11-12 10:47:06,019  INFO [org.apache.hadoop.mapred.LocalJobRunner] - Starting task: attempt_local435844372_0001_m_000000_0
2018-11-12 10:47:06,041  INFO [org.apache.hadoop.mapreduce.lib.output.FileOutputCommitter] - File Output Committer Algorithm version is 1
2018-11-12 10:47:06,048  INFO [org.apache.hadoop.yarn.util.ProcfsBasedProcessTree] - ProcfsBasedProcessTree currently is supported only on Linux.
2018-11-12 10:47:06,048  INFO [org.apache.hadoop.mapred.Task] -  Using ResourceCalculatorProcessTree : null
2018-11-12 10:47:06,051  INFO [org.apache.hadoop.mapred.MapTask] - Processing split: hdfs://master:9000/qlis/input/answer_paper/part-m-00000:0+1437732
2018-11-12 10:47:06,404  INFO [org.apache.hadoop.mapred.LocalJobRunner] - 
2018-11-12 10:47:06,971  INFO [org.apache.hadoop.mapreduce.Job] - Job job_local435844372_0001 running in uber mode : false
2018-11-12 10:47:06,980  INFO [org.apache.hadoop.mapreduce.Job] -  map 0% reduce 0%
2018-11-12 10:47:07,163  INFO [org.apache.hadoop.mapred.Task] - Task:attempt_local435844372_0001_m_000000_0 is done. And is in the process of committing
2018-11-12 10:47:07,171  INFO [org.apache.hadoop.mapred.LocalJobRunner] - 
2018-11-12 10:47:07,171  INFO [org.apache.hadoop.mapred.Task] - Task attempt_local435844372_0001_m_000000_0 is allowed to commit now
2018-11-12 10:47:07,186  INFO [org.apache.hadoop.mapreduce.lib.output.FileOutputCommitter] - Saved output of task 'attempt_local435844372_0001_m_000000_0' to hdfs://master:9000/qlis/tmp/join1/_temporary/0/task_local435844372_0001_m_000000
2018-11-12 10:47:07,187  INFO [org.apache.hadoop.mapred.LocalJobRunner] - map
2018-11-12 10:47:07,187  INFO [org.apache.hadoop.mapred.Task] - Task 'attempt_local435844372_0001_m_000000_0' done.
2018-11-12 10:47:07,187  INFO [org.apache.hadoop.mapred.LocalJobRunner] - Finishing task: attempt_local435844372_0001_m_000000_0
2018-11-12 10:47:07,187  INFO [org.apache.hadoop.mapred.LocalJobRunner] - map task executor complete.
2018-11-12 10:47:07,986  INFO [org.apache.hadoop.mapreduce.Job] -  map 100% reduce 0%
2018-11-12 10:47:07,986  INFO [org.apache.hadoop.mapreduce.Job] - Job job_local435844372_0001 completed successfully
2018-11-12 10:47:08,000  INFO [org.apache.hadoop.mapreduce.Job] - Counters: 20
	File System Counters
		FILE: Number of bytes read=181
		FILE: Number of bytes written=285071
		FILE: Number of read operations=0
		FILE: Number of large read operations=0
		FILE: Number of write operations=0
		HDFS: Number of bytes read=1437732
		HDFS: Number of bytes written=16093
		HDFS: Number of read operations=7
		HDFS: Number of large read operations=0
		HDFS: Number of write operations=3
	Map-Reduce Framework
		Map input records=542
		Map output records=878
		Input split bytes=120
		Spilled Records=0
		Failed Shuffles=0
		Merged Map outputs=0
		GC time elapsed (ms)=0
		Total committed heap usage (bytes)=186646528
	File Input Format Counters 
		Bytes Read=1437732
	File Output Format Counters 
		Bytes Written=16093
